{"/workspaces/notes-app/nodejs-notes/src/app.js": {"path":"/workspaces/notes-app/nodejs-notes/src/app.js","statementMap":{"0":{"start":{"line":20,"column":12},"end":{"line":20,"column":21}},"1":{"start":{"line":21,"column":18},"end":{"line":21,"column":57}},"2":{"start":{"line":24,"column":0},"end":{"line":24,"column":22}},"3":{"start":{"line":25,"column":0},"end":{"line":25,"column":43}},"4":{"start":{"line":28,"column":12},"end":{"line":33,"column":2}},"5":{"start":{"line":34,"column":0},"end":{"line":34,"column":31}},"6":{"start":{"line":35,"column":0},"end":{"line":35,"column":31}},"7":{"start":{"line":38,"column":0},"end":{"line":38,"column":23}},"8":{"start":{"line":39,"column":0},"end":{"line":39,"column":49}},"9":{"start":{"line":40,"column":0},"end":{"line":40,"column":35}},"10":{"start":{"line":41,"column":0},"end":{"line":48,"column":2}},"11":{"start":{"line":49,"column":0},"end":{"line":49,"column":31}},"12":{"start":{"line":50,"column":0},"end":{"line":50,"column":28}},"13":{"start":{"line":51,"column":0},"end":{"line":51,"column":17}},"14":{"start":{"line":54,"column":0},"end":{"line":60,"column":3}},"15":{"start":{"line":55,"column":2},"end":{"line":55,"column":52}},"16":{"start":{"line":56,"column":2},"end":{"line":56,"column":48}},"17":{"start":{"line":57,"column":2},"end":{"line":57,"column":40}},"18":{"start":{"line":58,"column":2},"end":{"line":58,"column":37}},"19":{"start":{"line":59,"column":2},"end":{"line":59,"column":9}},"20":{"start":{"line":63,"column":0},"end":{"line":63,"column":21}},"21":{"start":{"line":64,"column":0},"end":{"line":64,"column":20}},"22":{"start":{"line":65,"column":0},"end":{"line":65,"column":21}},"23":{"start":{"line":68,"column":0},"end":{"line":68,"column":51}},"24":{"start":{"line":70,"column":0},"end":{"line":72,"column":3}},"25":{"start":{"line":71,"column":2},"end":{"line":71,"column":39}},"26":{"start":{"line":74,"column":0},"end":{"line":79,"column":3}},"27":{"start":{"line":75,"column":2},"end":{"line":75,"column":34}},"28":{"start":{"line":76,"column":2},"end":{"line":78,"column":5}}},"fnMap":{"0":{"name":"(anonymous_0)","decl":{"start":{"line":54,"column":8},"end":{"line":54,"column":9}},"loc":{"start":{"line":54,"column":28},"end":{"line":60,"column":1}},"line":54},"1":{"name":"(anonymous_1)","decl":{"start":{"line":70,"column":8},"end":{"line":70,"column":9}},"loc":{"start":{"line":70,"column":28},"end":{"line":72,"column":1}},"line":70},"2":{"name":"(anonymous_2)","decl":{"start":{"line":74,"column":8},"end":{"line":74,"column":9}},"loc":{"start":{"line":74,"column":35},"end":{"line":79,"column":1}},"line":74}},"branchMap":{"0":{"loc":{"start":{"line":58,"column":20},"end":{"line":58,"column":36}},"type":"binary-expr","locations":[{"start":{"line":58,"column":20},"end":{"line":58,"column":28}},{"start":{"line":58,"column":32},"end":{"line":58,"column":36}}],"line":58},"1":{"loc":{"start":{"line":75,"column":13},"end":{"line":75,"column":32}},"type":"binary-expr","locations":[{"start":{"line":75,"column":13},"end":{"line":75,"column":25}},{"start":{"line":75,"column":29},"end":{"line":75,"column":32}}],"line":75}},"s":{"0":0,"1":0,"2":0,"3":0,"4":0,"5":0,"6":0,"7":0,"8":0,"9":0,"10":0,"11":0,"12":0,"13":0,"14":0,"15":0,"16":0,"17":0,"18":0,"19":0,"20":0,"21":0,"22":0,"23":0,"24":0,"25":0,"26":0,"27":0,"28":0},"f":{"0":0,"1":0,"2":0},"b":{"0":[0,0],"1":[0,0]}}
,"/workspaces/notes-app/nodejs-notes/src/config.js": {"path":"/workspaces/notes-app/nodejs-notes/src/config.js","statementMap":{"0":{"start":{"line":2,"column":0},"end":{"line":2,"column":9}},"1":{"start":{"line":4,"column":20},"end":{"line":4,"column":44}},"2":{"start":{"line":5,"column":27},"end":{"line":5,"column":92}}},"fnMap":{},"branchMap":{"0":{"loc":{"start":{"line":4,"column":20},"end":{"line":4,"column":44}},"type":"binary-expr","locations":[{"start":{"line":4,"column":20},"end":{"line":4,"column":36}},{"start":{"line":4,"column":40},"end":{"line":4,"column":44}}],"line":4},"1":{"loc":{"start":{"line":5,"column":27},"end":{"line":5,"column":92}},"type":"binary-expr","locations":[{"start":{"line":5,"column":27},"end":{"line":5,"column":50}},{"start":{"line":5,"column":54},"end":{"line":5,"column":92}}],"line":5}},"s":{"0":0,"1":0,"2":0},"f":{},"b":{"0":[0,0],"1":[0,0]}}
,"/workspaces/notes-app/nodejs-notes/src/database.js": {"path":"/workspaces/notes-app/nodejs-notes/src/database.js","statementMap":{"0":{"start":{"line":4,"column":0},"end":{"line":9,"column":1}},"1":{"start":{"line":5,"column":13},"end":{"line":5,"column":48}},"2":{"start":{"line":6,"column":2},"end":{"line":6,"column":51}},"3":{"start":{"line":8,"column":2},"end":{"line":8,"column":23}},"4":{"start":{"line":11,"column":0},"end":{"line":13,"column":3}},"5":{"start":{"line":12,"column":2},"end":{"line":12,"column":39}},"6":{"start":{"line":15,"column":0},"end":{"line":17,"column":3}},"7":{"start":{"line":16,"column":2},"end":{"line":16,"column":42}}},"fnMap":{"0":{"name":"(anonymous_0)","decl":{"start":{"line":11,"column":36},"end":{"line":11,"column":37}},"loc":{"start":{"line":11,"column":42},"end":{"line":13,"column":1}},"line":11},"1":{"name":"(anonymous_1)","decl":{"start":{"line":15,"column":39},"end":{"line":15,"column":40}},"loc":{"start":{"line":15,"column":45},"end":{"line":17,"column":1}},"line":15}},"branchMap":{},"s":{"0":0,"1":0,"2":0,"3":0,"4":0,"5":0,"6":0,"7":0},"f":{"0":0,"1":0},"b":{}}
,"/workspaces/notes-app/nodejs-notes/src/config/passport.js": {"path":"/workspaces/notes-app/nodejs-notes/src/config/passport.js","statementMap":{"0":{"start":{"line":6,"column":0},"end":{"line":27,"column":2}},"1":{"start":{"line":13,"column":19},"end":{"line":13,"column":55}},"2":{"start":{"line":15,"column":6},"end":{"line":17,"column":7}},"3":{"start":{"line":16,"column":8},"end":{"line":16,"column":65}},"4":{"start":{"line":20,"column":22},"end":{"line":20,"column":56}},"5":{"start":{"line":21,"column":6},"end":{"line":22,"column":69}},"6":{"start":{"line":22,"column":8},"end":{"line":22,"column":69}},"7":{"start":{"line":24,"column":6},"end":{"line":24,"column":30}},"8":{"start":{"line":29,"column":0},"end":{"line":31,"column":3}},"9":{"start":{"line":30,"column":2},"end":{"line":30,"column":22}},"10":{"start":{"line":33,"column":0},"end":{"line":37,"column":3}},"11":{"start":{"line":34,"column":2},"end":{"line":36,"column":5}},"12":{"start":{"line":35,"column":4},"end":{"line":35,"column":20}}},"fnMap":{"0":{"name":"(anonymous_0)","decl":{"start":{"line":11,"column":4},"end":{"line":11,"column":5}},"loc":{"start":{"line":11,"column":37},"end":{"line":25,"column":5}},"line":11},"1":{"name":"(anonymous_1)","decl":{"start":{"line":29,"column":23},"end":{"line":29,"column":24}},"loc":{"start":{"line":29,"column":39},"end":{"line":31,"column":1}},"line":29},"2":{"name":"(anonymous_2)","decl":{"start":{"line":33,"column":25},"end":{"line":33,"column":26}},"loc":{"start":{"line":33,"column":39},"end":{"line":37,"column":1}},"line":33},"3":{"name":"(anonymous_3)","decl":{"start":{"line":34,"column":20},"end":{"line":34,"column":21}},"loc":{"start":{"line":34,"column":35},"end":{"line":36,"column":3}},"line":34}},"branchMap":{"0":{"loc":{"start":{"line":15,"column":6},"end":{"line":17,"column":7}},"type":"if","locations":[{"start":{"line":15,"column":6},"end":{"line":17,"column":7}},{"start":{},"end":{}}],"line":15},"1":{"loc":{"start":{"line":21,"column":6},"end":{"line":22,"column":69}},"type":"if","locations":[{"start":{"line":21,"column":6},"end":{"line":22,"column":69}},{"start":{},"end":{}}],"line":21}},"s":{"0":0,"1":0,"2":0,"3":0,"4":0,"5":0,"6":0,"7":0,"8":0,"9":0,"10":0,"11":0,"12":0},"f":{"0":0,"1":0,"2":0,"3":0},"b":{"0":[0,0],"1":[0,0]}}
,"/workspaces/notes-app/nodejs-notes/src/controllers/auth.controllers.js": {"path":"/workspaces/notes-app/nodejs-notes/src/controllers/auth.controllers.js","statementMap":{"0":{"start":{"line":4,"column":32},"end":{"line":4,"column":71}},"1":{"start":{"line":4,"column":46},"end":{"line":4,"column":71}},"2":{"start":{"line":6,"column":22},"end":{"line":40,"column":1}},"3":{"start":{"line":7,"column":15},"end":{"line":7,"column":17}},"4":{"start":{"line":8,"column":54},"end":{"line":8,"column":62}},"5":{"start":{"line":9,"column":2},"end":{"line":11,"column":3}},"6":{"start":{"line":10,"column":4},"end":{"line":10,"column":53}},"7":{"start":{"line":13,"column":2},"end":{"line":15,"column":3}},"8":{"start":{"line":14,"column":4},"end":{"line":14,"column":70}},"9":{"start":{"line":17,"column":2},"end":{"line":25,"column":3}},"10":{"start":{"line":18,"column":4},"end":{"line":24,"column":7}},"11":{"start":{"line":28,"column":20},"end":{"line":28,"column":56}},"12":{"start":{"line":29,"column":2},"end":{"line":32,"column":3}},"13":{"start":{"line":30,"column":4},"end":{"line":30,"column":59}},"14":{"start":{"line":31,"column":4},"end":{"line":31,"column":40}},"15":{"start":{"line":35,"column":18},"end":{"line":35,"column":53}},"16":{"start":{"line":36,"column":2},"end":{"line":36,"column":61}},"17":{"start":{"line":37,"column":2},"end":{"line":37,"column":23}},"18":{"start":{"line":38,"column":2},"end":{"line":38,"column":50}},"19":{"start":{"line":39,"column":2},"end":{"line":39,"column":31}},"20":{"start":{"line":42,"column":32},"end":{"line":42,"column":71}},"21":{"start":{"line":42,"column":46},"end":{"line":42,"column":71}},"22":{"start":{"line":44,"column":22},"end":{"line":48,"column":2}},"23":{"start":{"line":50,"column":22},"end":{"line":56,"column":1}},"24":{"start":{"line":51,"column":2},"end":{"line":55,"column":5}},"25":{"start":{"line":52,"column":4},"end":{"line":52,"column":30}},"26":{"start":{"line":52,"column":13},"end":{"line":52,"column":30}},"27":{"start":{"line":53,"column":4},"end":{"line":53,"column":56}},"28":{"start":{"line":54,"column":4},"end":{"line":54,"column":33}}},"fnMap":{"0":{"name":"(anonymous_0)","decl":{"start":{"line":4,"column":32},"end":{"line":4,"column":33}},"loc":{"start":{"line":4,"column":46},"end":{"line":4,"column":71}},"line":4},"1":{"name":"(anonymous_1)","decl":{"start":{"line":6,"column":22},"end":{"line":6,"column":23}},"loc":{"start":{"line":6,"column":42},"end":{"line":40,"column":1}},"line":6},"2":{"name":"(anonymous_2)","decl":{"start":{"line":42,"column":32},"end":{"line":42,"column":33}},"loc":{"start":{"line":42,"column":46},"end":{"line":42,"column":71}},"line":42},"3":{"name":"(anonymous_3)","decl":{"start":{"line":50,"column":22},"end":{"line":50,"column":23}},"loc":{"start":{"line":50,"column":48},"end":{"line":56,"column":1}},"line":50},"4":{"name":"(anonymous_4)","decl":{"start":{"line":51,"column":19},"end":{"line":51,"column":20}},"loc":{"start":{"line":51,"column":28},"end":{"line":55,"column":3}},"line":51}},"branchMap":{"0":{"loc":{"start":{"line":9,"column":2},"end":{"line":11,"column":3}},"type":"if","locations":[{"start":{"line":9,"column":2},"end":{"line":11,"column":3}},{"start":{},"end":{}}],"line":9},"1":{"loc":{"start":{"line":13,"column":2},"end":{"line":15,"column":3}},"type":"if","locations":[{"start":{"line":13,"column":2},"end":{"line":15,"column":3}},{"start":{},"end":{}}],"line":13},"2":{"loc":{"start":{"line":17,"column":2},"end":{"line":25,"column":3}},"type":"if","locations":[{"start":{"line":17,"column":2},"end":{"line":25,"column":3}},{"start":{},"end":{}}],"line":17},"3":{"loc":{"start":{"line":29,"column":2},"end":{"line":32,"column":3}},"type":"if","locations":[{"start":{"line":29,"column":2},"end":{"line":32,"column":3}},{"start":{},"end":{}}],"line":29},"4":{"loc":{"start":{"line":52,"column":4},"end":{"line":52,"column":30}},"type":"if","locations":[{"start":{"line":52,"column":4},"end":{"line":52,"column":30}},{"start":{},"end":{}}],"line":52}},"s":{"0":0,"1":0,"2":0,"3":0,"4":0,"5":0,"6":0,"7":0,"8":0,"9":0,"10":0,"11":0,"12":0,"13":0,"14":0,"15":0,"16":0,"17":0,"18":0,"19":0,"20":0,"21":0,"22":0,"23":0,"24":0,"25":0,"26":0,"27":0,"28":0},"f":{"0":0,"1":0,"2":0,"3":0,"4":0},"b":{"0":[0,0],"1":[0,0],"2":[0,0],"3":[0,0],"4":[0,0]}}
,"/workspaces/notes-app/nodejs-notes/src/controllers/index.controller.js": {"path":"/workspaces/notes-app/nodejs-notes/src/controllers/index.controller.js","statementMap":{"0":{"start":{"line":1,"column":27},"end":{"line":3,"column":1}},"1":{"start":{"line":2,"column":2},"end":{"line":2,"column":22}},"2":{"start":{"line":5,"column":27},"end":{"line":7,"column":1}},"3":{"start":{"line":6,"column":2},"end":{"line":6,"column":22}}},"fnMap":{"0":{"name":"(anonymous_0)","decl":{"start":{"line":1,"column":27},"end":{"line":1,"column":28}},"loc":{"start":{"line":1,"column":41},"end":{"line":3,"column":1}},"line":1},"1":{"name":"(anonymous_1)","decl":{"start":{"line":5,"column":27},"end":{"line":5,"column":28}},"loc":{"start":{"line":5,"column":41},"end":{"line":7,"column":1}},"line":5}},"branchMap":{},"s":{"0":0,"1":0,"2":0,"3":0},"f":{"0":0,"1":0},"b":{}}
,"/workspaces/notes-app/nodejs-notes/src/controllers/notes.controller.js": {"path":"/workspaces/notes-app/nodejs-notes/src/controllers/notes.controller.js","statementMap":{"0":{"start":{"line":3,"column":30},"end":{"line":3,"column":72}},"1":{"start":{"line":3,"column":44},"end":{"line":3,"column":72}},"2":{"start":{"line":5,"column":29},"end":{"line":26,"column":1}},"3":{"start":{"line":6,"column":33},"end":{"line":6,"column":41}},"4":{"start":{"line":7,"column":17},"end":{"line":7,"column":19}},"5":{"start":{"line":8,"column":2},"end":{"line":10,"column":3}},"6":{"start":{"line":9,"column":4},"end":{"line":9,"column":51}},"7":{"start":{"line":11,"column":2},"end":{"line":13,"column":3}},"8":{"start":{"line":12,"column":4},"end":{"line":12,"column":56}},"9":{"start":{"line":14,"column":2},"end":{"line":19,"column":7}},"10":{"start":{"line":15,"column":4},"end":{"line":19,"column":7}},"11":{"start":{"line":21,"column":18},"end":{"line":21,"column":50}},"12":{"start":{"line":22,"column":2},"end":{"line":22,"column":29}},"13":{"start":{"line":23,"column":2},"end":{"line":23,"column":23}},"14":{"start":{"line":24,"column":2},"end":{"line":24,"column":54}},"15":{"start":{"line":25,"column":2},"end":{"line":25,"column":25}},"16":{"start":{"line":28,"column":27},"end":{"line":33,"column":1}},"17":{"start":{"line":29,"column":16},"end":{"line":31,"column":11}},"18":{"start":{"line":32,"column":2},"end":{"line":32,"column":43}},"19":{"start":{"line":35,"column":30},"end":{"line":42,"column":1}},"20":{"start":{"line":36,"column":15},"end":{"line":36,"column":56}},"21":{"start":{"line":37,"column":2},"end":{"line":40,"column":3}},"22":{"start":{"line":38,"column":4},"end":{"line":38,"column":45}},"23":{"start":{"line":39,"column":4},"end":{"line":39,"column":34}},"24":{"start":{"line":41,"column":2},"end":{"line":41,"column":42}},"25":{"start":{"line":44,"column":26},"end":{"line":49,"column":1}},"26":{"start":{"line":45,"column":33},"end":{"line":45,"column":41}},"27":{"start":{"line":46,"column":2},"end":{"line":46,"column":70}},"28":{"start":{"line":47,"column":2},"end":{"line":47,"column":56}},"29":{"start":{"line":48,"column":2},"end":{"line":48,"column":25}},"30":{"start":{"line":51,"column":26},"end":{"line":55,"column":1}},"31":{"start":{"line":52,"column":2},"end":{"line":52,"column":46}},"32":{"start":{"line":53,"column":2},"end":{"line":53,"column":56}},"33":{"start":{"line":54,"column":2},"end":{"line":54,"column":25}}},"fnMap":{"0":{"name":"(anonymous_0)","decl":{"start":{"line":3,"column":30},"end":{"line":3,"column":31}},"loc":{"start":{"line":3,"column":44},"end":{"line":3,"column":72}},"line":3},"1":{"name":"(anonymous_1)","decl":{"start":{"line":5,"column":29},"end":{"line":5,"column":30}},"loc":{"start":{"line":5,"column":49},"end":{"line":26,"column":1}},"line":5},"2":{"name":"(anonymous_2)","decl":{"start":{"line":28,"column":27},"end":{"line":28,"column":28}},"loc":{"start":{"line":28,"column":47},"end":{"line":33,"column":1}},"line":28},"3":{"name":"(anonymous_3)","decl":{"start":{"line":35,"column":30},"end":{"line":35,"column":31}},"loc":{"start":{"line":35,"column":50},"end":{"line":42,"column":1}},"line":35},"4":{"name":"(anonymous_4)","decl":{"start":{"line":44,"column":26},"end":{"line":44,"column":27}},"loc":{"start":{"line":44,"column":46},"end":{"line":49,"column":1}},"line":44},"5":{"name":"(anonymous_5)","decl":{"start":{"line":51,"column":26},"end":{"line":51,"column":27}},"loc":{"start":{"line":51,"column":46},"end":{"line":55,"column":1}},"line":51}},"branchMap":{"0":{"loc":{"start":{"line":8,"column":2},"end":{"line":10,"column":3}},"type":"if","locations":[{"start":{"line":8,"column":2},"end":{"line":10,"column":3}},{"start":{},"end":{}}],"line":8},"1":{"loc":{"start":{"line":11,"column":2},"end":{"line":13,"column":3}},"type":"if","locations":[{"start":{"line":11,"column":2},"end":{"line":13,"column":3}},{"start":{},"end":{}}],"line":11},"2":{"loc":{"start":{"line":14,"column":2},"end":{"line":19,"column":7}},"type":"if","locations":[{"start":{"line":14,"column":2},"end":{"line":19,"column":7}},{"start":{},"end":{}}],"line":14},"3":{"loc":{"start":{"line":37,"column":2},"end":{"line":40,"column":3}},"type":"if","locations":[{"start":{"line":37,"column":2},"end":{"line":40,"column":3}},{"start":{},"end":{}}],"line":37}},"s":{"0":0,"1":0,"2":0,"3":0,"4":0,"5":0,"6":0,"7":0,"8":0,"9":0,"10":0,"11":0,"12":0,"13":0,"14":0,"15":0,"16":0,"17":0,"18":0,"19":0,"20":0,"21":0,"22":0,"23":0,"24":0,"25":0,"26":0,"27":0,"28":0,"29":0,"30":0,"31":0,"32":0,"33":0},"f":{"0":0,"1":0,"2":0,"3":0,"4":0,"5":0},"b":{"0":[0,0],"1":[0,0],"2":[0,0],"3":[0,0]}}
,"/workspaces/notes-app/nodejs-notes/src/helpers/auth.js": {"path":"/workspaces/notes-app/nodejs-notes/src/helpers/auth.js","statementMap":{"0":{"start":{"line":1,"column":31},"end":{"line":7,"column":1}},"1":{"start":{"line":2,"column":2},"end":{"line":4,"column":3}},"2":{"start":{"line":3,"column":4},"end":{"line":3,"column":18}},"3":{"start":{"line":5,"column":2},"end":{"line":5,"column":44}},"4":{"start":{"line":6,"column":2},"end":{"line":6,"column":32}}},"fnMap":{"0":{"name":"(anonymous_0)","decl":{"start":{"line":1,"column":31},"end":{"line":1,"column":32}},"loc":{"start":{"line":1,"column":51},"end":{"line":7,"column":1}},"line":1}},"branchMap":{"0":{"loc":{"start":{"line":2,"column":2},"end":{"line":4,"column":3}},"type":"if","locations":[{"start":{"line":2,"column":2},"end":{"line":4,"column":3}},{"start":{},"end":{}}],"line":2}},"s":{"0":0,"1":0,"2":0,"3":0,"4":0},"f":{"0":0},"b":{"0":[0,0]}}
,"/workspaces/notes-app/nodejs-notes/src/libs/createUser.js": {"path":"/workspaces/notes-app/nodejs-notes/src/libs/createUser.js","statementMap":{"0":{"start":{"line":3,"column":31},"end":{"line":18,"column":1}},"1":{"start":{"line":4,"column":20},"end":{"line":4,"column":68}},"2":{"start":{"line":6,"column":2},"end":{"line":6,"column":24}},"3":{"start":{"line":6,"column":17},"end":{"line":6,"column":24}},"4":{"start":{"line":8,"column":18},"end":{"line":11,"column":4}},"5":{"start":{"line":13,"column":2},"end":{"line":13,"column":68}},"6":{"start":{"line":15,"column":16},"end":{"line":15,"column":36}},"7":{"start":{"line":17,"column":2},"end":{"line":17,"column":43}}},"fnMap":{"0":{"name":"(anonymous_0)","decl":{"start":{"line":3,"column":31},"end":{"line":3,"column":32}},"loc":{"start":{"line":3,"column":43},"end":{"line":18,"column":1}},"line":3}},"branchMap":{"0":{"loc":{"start":{"line":6,"column":2},"end":{"line":6,"column":24}},"type":"if","locations":[{"start":{"line":6,"column":2},"end":{"line":6,"column":24}},{"start":{},"end":{}}],"line":6}},"s":{"0":0,"1":0,"2":0,"3":0,"4":0,"5":0,"6":0,"7":0},"f":{"0":0},"b":{"0":[0,0]}}
,"/workspaces/notes-app/nodejs-notes/src/models/Note.js": {"path":"/workspaces/notes-app/nodejs-notes/src/models/Note.js","statementMap":{"0":{"start":{"line":3,"column":19},"end":{"line":21,"column":1}}},"fnMap":{},"branchMap":{},"s":{"0":0},"f":{},"b":{}}
,"/workspaces/notes-app/nodejs-notes/src/models/User.js": {"path":"/workspaces/notes-app/nodejs-notes/src/models/User.js","statementMap":{"0":{"start":{"line":4,"column":19},"end":{"line":14,"column":1}},"1":{"start":{"line":16,"column":0},"end":{"line":19,"column":2}},"2":{"start":{"line":17,"column":15},"end":{"line":17,"column":39}},"3":{"start":{"line":18,"column":2},"end":{"line":18,"column":43}},"4":{"start":{"line":21,"column":0},"end":{"line":23,"column":2}},"5":{"start":{"line":22,"column":2},"end":{"line":22,"column":55}}},"fnMap":{"0":{"name":"(anonymous_0)","decl":{"start":{"line":16,"column":37},"end":{"line":16,"column":38}},"loc":{"start":{"line":16,"column":57},"end":{"line":19,"column":1}},"line":16},"1":{"name":"(anonymous_1)","decl":{"start":{"line":21,"column":35},"end":{"line":21,"column":36}},"loc":{"start":{"line":21,"column":61},"end":{"line":23,"column":1}},"line":21}},"branchMap":{},"s":{"0":0,"1":0,"2":0,"3":0,"4":0,"5":0},"f":{"0":0,"1":0},"b":{}}
,"/workspaces/notes-app/nodejs-notes/src/routes/auth.routes.js": {"path":"/workspaces/notes-app/nodejs-notes/src/routes/auth.routes.js","statementMap":{"0":{"start":{"line":10,"column":15},"end":{"line":10,"column":23}},"1":{"start":{"line":13,"column":0},"end":{"line":13,"column":45}},"2":{"start":{"line":15,"column":0},"end":{"line":15,"column":36}},"3":{"start":{"line":17,"column":0},"end":{"line":17,"column":45}},"4":{"start":{"line":19,"column":0},"end":{"line":19,"column":36}},"5":{"start":{"line":21,"column":0},"end":{"line":21,"column":35}}},"fnMap":{},"branchMap":{},"s":{"0":0,"1":0,"2":0,"3":0,"4":0,"5":0},"f":{},"b":{}}
,"/workspaces/notes-app/nodejs-notes/src/routes/index.routes.js": {"path":"/workspaces/notes-app/nodejs-notes/src/routes/index.routes.js","statementMap":{"0":{"start":{"line":4,"column":15},"end":{"line":4,"column":23}},"1":{"start":{"line":6,"column":0},"end":{"line":6,"column":29}},"2":{"start":{"line":7,"column":0},"end":{"line":7,"column":34}}},"fnMap":{},"branchMap":{},"s":{"0":0,"1":0,"2":0},"f":{},"b":{}}
,"/workspaces/notes-app/nodejs-notes/src/routes/notes.routes.js": {"path":"/workspaces/notes-app/nodejs-notes/src/routes/notes.routes.js","statementMap":{"0":{"start":{"line":12,"column":15},"end":{"line":12,"column":23}},"1":{"start":{"line":15,"column":0},"end":{"line":15,"column":58}},"2":{"start":{"line":17,"column":0},"end":{"line":17,"column":63}},"3":{"start":{"line":20,"column":0},"end":{"line":20,"column":51}},"4":{"start":{"line":23,"column":0},"end":{"line":23,"column":63}},"5":{"start":{"line":25,"column":0},"end":{"line":25,"column":64}},"6":{"start":{"line":28,"column":0},"end":{"line":28,"column":64}}},"fnMap":{},"branchMap":{},"s":{"0":0,"1":0,"2":0,"3":0,"4":0,"5":0,"6":0},"f":{},"b":{}}
}
